<?xml version="1.0" encoding="UTF-8"?>
<!-- Generated by org.testng.reporters.JUnitReportReporter -->
<testsuite hostname="DESKTOP-SIJAOCI" failures="0" tests="1" name="com.learning.testcases.LoginTest" time="7.643" errors="0" timestamp="2023-06-05T19:56:56 IST" skipped="0">
  <testcase classname="com.learning.testcases.LoginTest" name="LoginTest" time="7.643"/>
  <system-out/>
</testsuite> <!-- com.learning.testcases.LoginTest -->
